Start testing: Aug 07 09:55 MDT
----------------------------------------------------------
1/3 Testing: Manip5Dof_test.PositionCheck
1/3 Test: Manip5Dof_test.PositionCheck
Command: "/home/mrobins/my_repos/maniptools/build/maniptools_test" "--gtest_filter=Manip5Dof_test.PositionCheck" "--gtest_also_run_disabled_tests"
Directory: /home/mrobins/my_repos/maniptools/build
"Manip5Dof_test.PositionCheck" start time: Aug 07 09:55 MDT
Output:
----------------------------------------------------------
Running main() from /home/mrobins/my_repos/maniptools/build/_deps/googletest-src/googletest/src/gtest_main.cc
Note: Google Test filter = Manip5Dof_test.PositionCheck
[==========] Running 1 test from 1 test suite.
[----------] Global test environment set-up.
[----------] 1 test from Manip5Dof_test
[ RUN      ] Manip5Dof_test.PositionCheck
[       OK ] Manip5Dof_test.PositionCheck (0 ms)
[----------] 1 test from Manip5Dof_test (0 ms total)

[----------] Global test environment tear-down
[==========] 1 test from 1 test suite ran. (0 ms total)
[  PASSED  ] 1 test.
<end of output>
Test time =   0.00 sec
----------------------------------------------------------
Test Passed.
"Manip5Dof_test.PositionCheck" end time: Aug 07 09:55 MDT
"Manip5Dof_test.PositionCheck" time elapsed: 00:00:00
----------------------------------------------------------

2/3 Testing: skew_test.PositionCheck
2/3 Test: skew_test.PositionCheck
Command: "/home/mrobins/my_repos/maniptools/build/maniptools_test" "--gtest_filter=skew_test.PositionCheck" "--gtest_also_run_disabled_tests"
Directory: /home/mrobins/my_repos/maniptools/build
"skew_test.PositionCheck" start time: Aug 07 09:55 MDT
Output:
----------------------------------------------------------
Running main() from /home/mrobins/my_repos/maniptools/build/_deps/googletest-src/googletest/src/gtest_main.cc
Note: Google Test filter = skew_test.PositionCheck
[==========] Running 1 test from 1 test suite.
[----------] Global test environment set-up.
[----------] 1 test from skew_test
[ RUN      ] skew_test.PositionCheck
[       OK ] skew_test.PositionCheck (0 ms)
[----------] 1 test from skew_test (0 ms total)

[----------] Global test environment tear-down
[==========] 1 test from 1 test suite ran. (0 ms total)
[  PASSED  ] 1 test.
<end of output>
Test time =   0.00 sec
----------------------------------------------------------
Test Passed.
"skew_test.PositionCheck" end time: Aug 07 09:55 MDT
"skew_test.PositionCheck" time elapsed: 00:00:00
----------------------------------------------------------

3/3 Testing: twist_test.PositionCheck
3/3 Test: twist_test.PositionCheck
Command: "/home/mrobins/my_repos/maniptools/build/maniptools_test" "--gtest_filter=twist_test.PositionCheck" "--gtest_also_run_disabled_tests"
Directory: /home/mrobins/my_repos/maniptools/build
"twist_test.PositionCheck" start time: Aug 07 09:55 MDT
Output:
----------------------------------------------------------
Running main() from /home/mrobins/my_repos/maniptools/build/_deps/googletest-src/googletest/src/gtest_main.cc
Note: Google Test filter = twist_test.PositionCheck
[==========] Running 1 test from 1 test suite.
[----------] Global test environment set-up.
[----------] 1 test from twist_test
[ RUN      ] twist_test.PositionCheck
[       OK ] twist_test.PositionCheck (0 ms)
[----------] 1 test from twist_test (0 ms total)

[----------] Global test environment tear-down
[==========] 1 test from 1 test suite ran. (0 ms total)
[  PASSED  ] 1 test.
<end of output>
Test time =   0.00 sec
----------------------------------------------------------
Test Passed.
"twist_test.PositionCheck" end time: Aug 07 09:55 MDT
"twist_test.PositionCheck" time elapsed: 00:00:00
----------------------------------------------------------

End testing: Aug 07 09:55 MDT
